14:34:43 INFO  manager.ApplicationManager - All tests start in Chrome Browser
14:34:50 INFO  tests.TestsBase - Name of test: addCarSuccess1
14:34:50 INFO  manager.MyListener - Start find 'element' ---> By.cssSelector: [href$='/logout?url=%2Fsearch']
14:34:55 INFO  manager.MyListener - Element with 'locator' ---> By.cssSelector: [href$='/logout?url=%2Fsearch'] was found
14:34:55 INFO  manager.MyListener - Start find 'element' ---> By.xpath: //a[text()=' Log in ']
14:34:55 INFO  manager.MyListener - Element with 'locator' ---> By.xpath: //a[text()=' Log in '] was found
14:34:56 INFO  manager.MyListener - Start find 'element' ---> By.id: email
14:34:56 INFO  manager.MyListener - Element with 'locator' ---> By.id: email was found
14:34:57 INFO  manager.MyListener - Start find 'element' ---> By.id: password
14:34:57 INFO  manager.MyListener - Element with 'locator' ---> By.id: password was found
14:35:15 INFO  manager.MyListener - Start find 'element' ---> By.cssSelector: [type='submit']
14:35:15 INFO  manager.MyListener - Element with 'locator' ---> By.cssSelector: [type='submit'] was found
14:35:16 INFO  manager.MyListener - Start find 'element' ---> By.xpath: //*[text()='Ok']
14:35:22 INFO  manager.MyListener - Element with 'locator' ---> By.xpath: //*[text()='Ok'] was found
14:35:22 INFO  tests.TestsBase - Car was added for userUser{name='null', lastName='null', email='noa@gmail.com', password='Nnoa12345$'}
14:35:22 INFO  tests.TestsBase - Car was addedCar(location=Tel Aviv, Israel, make=SUPER, model=CAR, year=2022, engine=3.5, fuel=Petrol, gear=MT, wD=AWD, doors=2, seats=4, carClass=sport, fuelConsumption=12l, carRegNumber=33-2122-99, price=199, distance=3000, features=null, about=try it)
14:35:22 INFO  manager.MyListener - Start find 'element' ---> By.cssSelector: [href='/let-car-work']
14:35:23 INFO  manager.MyListener - Element with 'locator' ---> By.cssSelector: [href='/let-car-work'] was found
14:35:23 INFO  manager.MyListener - Start find 'element' ---> By.xpath: //input[@id='pickUpPlace']
14:35:23 INFO  manager.MyListener - Element with 'locator' ---> By.xpath: //input[@id='pickUpPlace'] was found
14:35:24 INFO  manager.MyListener - Start find 'element' ---> By.cssSelector: .pac-item
14:35:25 INFO  manager.MyListener - Element with 'locator' ---> By.cssSelector: .pac-item was found
14:35:25 INFO  manager.MyListener - Start find 'element' ---> By.id: make
14:35:25 INFO  manager.MyListener - Element with 'locator' ---> By.id: make was found
14:35:28 INFO  manager.MyListener - Start find 'element' ---> By.id: model
14:35:30 INFO  manager.MyListener - Element with 'locator' ---> By.id: model was found
14:35:36 INFO  manager.MyListener - Start find 'element' ---> By.id: year
14:35:36 INFO  manager.MyListener - Element with 'locator' ---> By.id: year was found
14:35:37 INFO  manager.MyListener - Start find 'element' ---> By.id: engine
14:35:37 INFO  manager.MyListener - Element with 'locator' ---> By.id: engine was found
14:35:38 INFO  manager.MyListener - Start find 'element' ---> By.id: fuel
14:35:38 INFO  manager.MyListener - Element with 'locator' ---> By.id: fuel was found
14:35:38 INFO  manager.MyListener - Start find 'element' ---> By.xpath: .//option[@value = "Petrol"]
14:35:38 INFO  manager.MyListener - Element with 'locator' ---> By.xpath: .//option[@value = "Petrol"] was found
14:35:38 INFO  manager.MyListener - Start find 'element' ---> By.id: gear
14:35:38 INFO  manager.MyListener - Element with 'locator' ---> By.id: gear was found
14:35:38 INFO  manager.MyListener - Start find 'element' ---> By.xpath: .//option[@value = "MT"]
14:35:38 INFO  manager.MyListener - Element with 'locator' ---> By.xpath: .//option[@value = "MT"] was found
14:35:39 INFO  manager.MyListener - Start find 'element' ---> By.id: wheelsDrive
14:35:39 INFO  manager.MyListener - Element with 'locator' ---> By.id: wheelsDrive was found
14:35:39 INFO  manager.MyListener - Start find 'element' ---> By.xpath: .//option[@value = "AWD"]
14:35:39 INFO  manager.MyListener - Element with 'locator' ---> By.xpath: .//option[@value = "AWD"] was found
14:35:39 INFO  manager.MyListener - Start find 'element' ---> By.id: doors
14:35:39 INFO  manager.MyListener - Element with 'locator' ---> By.id: doors was found
14:35:39 INFO  manager.MyListener - Start find 'element' ---> By.id: seats
14:35:39 INFO  manager.MyListener - Element with 'locator' ---> By.id: seats was found
14:35:40 INFO  manager.MyListener - Start find 'element' ---> By.id: class
14:35:40 INFO  manager.MyListener - Element with 'locator' ---> By.id: class was found
14:35:40 INFO  manager.MyListener - Start find 'element' ---> By.id: fuelConsumption
14:35:40 INFO  manager.MyListener - Element with 'locator' ---> By.id: fuelConsumption was found
14:35:41 INFO  manager.MyListener - Start find 'element' ---> By.id: serialNumber
14:35:41 INFO  manager.MyListener - Element with 'locator' ---> By.id: serialNumber was found
14:35:41 INFO  manager.MyListener - Start find 'element' ---> By.id: price
14:35:41 INFO  manager.MyListener - Element with 'locator' ---> By.id: price was found
14:35:42 INFO  manager.MyListener - Start find 'element' ---> By.id: distance
14:35:42 INFO  manager.MyListener - Element with 'locator' ---> By.id: distance was found
14:35:42 INFO  manager.MyListener - Start find 'element' ---> By.cssSelector: .feature-input
14:35:42 INFO  manager.MyListener - Element with 'locator' ---> By.cssSelector: .feature-input was found
14:35:42 INFO  manager.MyListener - Start find 'element' ---> By.id: about
14:35:42 INFO  manager.MyListener - Element with 'locator' ---> By.id: about was found
14:35:42 INFO  manager.MyListener - Start find 'element' ---> By.id: photos
14:35:43 INFO  manager.MyListener - Element with 'locator' ---> By.id: photos was found
14:35:43 INFO  manager.MyListener - Start find 'element' ---> By.xpath: //button[text()='Submit']
14:35:43 INFO  manager.MyListener - Element with 'locator' ---> By.xpath: //button[text()='Submit'] was found
14:35:44 INFO  manager.MyListener - Start find 'element' ---> By.xpath: //button[text()='Submit']
14:35:44 INFO  manager.MyListener - Element with 'locator' ---> By.xpath: //button[text()='Submit'] was found
14:35:44 INFO  manager.MyListener - Start find 'element' ---> By.cssSelector: div.dialog-container
14:35:46 INFO  manager.MyListener - Element with 'locator' ---> By.cssSelector: div.dialog-container was found
14:35:46 INFO  manager.MyListener - Start find 'element' ---> By.cssSelector: div.dialog-container h1
14:35:46 INFO  manager.MyListener - Element with 'locator' ---> By.cssSelector: div.dialog-container h1 was found
14:35:46 INFO  manager.MyListener - Start find 'element' ---> By.cssSelector: button[class='neutral-button ng-star-inserted']
14:35:46 INFO  manager.MyListener - Element with 'locator' ---> By.cssSelector: button[class='neutral-button ng-star-inserted'] was found
14:35:47 INFO  manager.MyListener - Start find 'element' ---> By.cssSelector: [href$='/logout?url=%2Fsearch']
14:35:47 INFO  manager.MyListener - Element with 'locator' ---> By.cssSelector: [href$='/logout?url=%2Fsearch'] was found
14:35:47 INFO  tests.TestsBase - Name of test: addCarSuccess2
14:35:47 INFO  manager.MyListener - Start find 'element' ---> By.cssSelector: [href$='/logout?url=%2Fsearch']
14:35:52 INFO  manager.MyListener - Element with 'locator' ---> By.cssSelector: [href$='/logout?url=%2Fsearch'] was found
14:35:52 INFO  manager.MyListener - Start find 'element' ---> By.xpath: //a[text()=' Log in ']
14:35:53 INFO  manager.MyListener - Element with 'locator' ---> By.xpath: //a[text()=' Log in '] was found
14:35:53 INFO  manager.MyListener - Start find 'element' ---> By.id: email
14:35:53 INFO  manager.MyListener - Element with 'locator' ---> By.id: email was found
14:35:53 INFO  manager.MyListener - Start find 'element' ---> By.id: password
14:35:53 INFO  manager.MyListener - Element with 'locator' ---> By.id: password was found
14:35:53 INFO  manager.MyListener - Start find 'element' ---> By.cssSelector: [type='submit']
14:35:53 INFO  manager.MyListener - Element with 'locator' ---> By.cssSelector: [type='submit'] was found
14:35:54 INFO  manager.MyListener - Start find 'element' ---> By.xpath: //*[text()='Ok']
14:35:55 INFO  manager.MyListener - Element with 'locator' ---> By.xpath: //*[text()='Ok'] was found
14:35:55 INFO  tests.TestsBase - Car was added for userUser{name='null', lastName='null', email='noa@gmail.com', password='Nnoa12345$'}
14:35:55 INFO  manager.MyListener - Start find 'element' ---> By.cssSelector: [href='/let-car-work']
14:35:55 INFO  manager.MyListener - Element with 'locator' ---> By.cssSelector: [href='/let-car-work'] was found
14:35:55 INFO  manager.MyListener - Start find 'element' ---> By.xpath: //input[@id='pickUpPlace']
14:35:55 INFO  manager.MyListener - Element with 'locator' ---> By.xpath: //input[@id='pickUpPlace'] was found
14:35:55 INFO  manager.MyListener - We have a 'throwable' ---> stale element reference: element is not attached to the page document
  (Session info: chrome=98.0.4758.102)
For documentation on this error, please visit: https://www.seleniumhq.org/exceptions/stale_element_reference.html
Build info: version: '3.141.59', revision: 'e82be7d358', time: '2018-11-14T08:17:03'
System info: host: 'DESKTOP-7VMBUT4', ip: '192.168.1.171', os.name: 'Windows 10', os.arch: 'amd64', os.version: '10.0', java.version: '11.0.13'
Driver info: org.openqa.selenium.chrome.ChromeDriver
Capabilities {acceptInsecureCerts: false, browserName: chrome, browserVersion: 98.0.4758.102, chrome: {chromedriverVersion: 98.0.4758.80 (7f0488e8ba0d8..., userDataDir: C:\Users\User\AppData\Local...}, goog:chromeOptions: {debuggerAddress: localhost:64047}, javascriptEnabled: true, networkConnectionEnabled: false, pageLoadStrategy: normal, platform: WINDOWS, platformName: WINDOWS, proxy: Proxy(), setWindowRect: true, strictFileInteractability: false, timeouts: {implicit: 0, pageLoad: 300000, script: 30000}, unhandledPromptBehavior: dismiss and notify, webauthn:extension:credBlob: true, webauthn:extension:largeBlob: true, webauthn:virtualAuthenticators: true}
Session ID: ccb8c2d7cd71735fee4e5c8522fdc346
14:35:55 INFO  manager.MyListener - org.openqa.selenium.StaleElementReferenceException: stale element reference: element is not attached to the page document
  (Session info: chrome=98.0.4758.102)
For documentation on this error, please visit: https://www.seleniumhq.org/exceptions/stale_element_reference.html
Build info: version: '3.141.59', revision: 'e82be7d358', time: '2018-11-14T08:17:03'
System info: host: 'DESKTOP-7VMBUT4', ip: '192.168.1.171', os.name: 'Windows 10', os.arch: 'amd64', os.version: '10.0', java.version: '11.0.13'
Driver info: org.openqa.selenium.chrome.ChromeDriver
Capabilities {acceptInsecureCerts: false, browserName: chrome, browserVersion: 98.0.4758.102, chrome: {chromedriverVersion: 98.0.4758.80 (7f0488e8ba0d8..., userDataDir: C:\Users\User\AppData\Local...}, goog:chromeOptions: {debuggerAddress: localhost:64047}, javascriptEnabled: true, networkConnectionEnabled: false, pageLoadStrategy: normal, platform: WINDOWS, platformName: WINDOWS, proxy: Proxy(), setWindowRect: true, strictFileInteractability: false, timeouts: {implicit: 0, pageLoad: 300000, script: 30000}, unhandledPromptBehavior: dismiss and notify, webauthn:extension:credBlob: true, webauthn:extension:largeBlob: true, webauthn:virtualAuthenticators: true}
Session ID: ccb8c2d7cd71735fee4e5c8522fdc346
14:35:55 INFO  manager.MyListener - Link of 'your screenshot' with 'error'---> src/test/screenshots/screen2155.png
14:35:57 INFO  manager.MyListener - Start find 'element' ---> By.cssSelector: button[class='neutral-button ng-star-inserted']
14:36:02 INFO  manager.MyListener - We have a 'throwable' ---> no such element: Unable to locate element: {"method":"css selector","selector":"button[class='neutral-button ng-star-inserted']"}
  (Session info: chrome=98.0.4758.102)
For documentation on this error, please visit: https://www.seleniumhq.org/exceptions/no_such_element.html
Build info: version: '3.141.59', revision: 'e82be7d358', time: '2018-11-14T08:17:03'
System info: host: 'DESKTOP-7VMBUT4', ip: '192.168.1.171', os.name: 'Windows 10', os.arch: 'amd64', os.version: '10.0', java.version: '11.0.13'
Driver info: org.openqa.selenium.chrome.ChromeDriver
Capabilities {acceptInsecureCerts: false, browserName: chrome, browserVersion: 98.0.4758.102, chrome: {chromedriverVersion: 98.0.4758.80 (7f0488e8ba0d8..., userDataDir: C:\Users\User\AppData\Local...}, goog:chromeOptions: {debuggerAddress: localhost:64047}, javascriptEnabled: true, networkConnectionEnabled: false, pageLoadStrategy: normal, platform: WINDOWS, platformName: WINDOWS, proxy: Proxy(), setWindowRect: true, strictFileInteractability: false, timeouts: {implicit: 0, pageLoad: 300000, script: 30000}, unhandledPromptBehavior: dismiss and notify, webauthn:extension:credBlob: true, webauthn:extension:largeBlob: true, webauthn:virtualAuthenticators: true}
Session ID: ccb8c2d7cd71735fee4e5c8522fdc346
*** Element info: {Using=css selector, value=button[class='neutral-button ng-star-inserted']}
14:36:02 INFO  manager.MyListener - org.openqa.selenium.NoSuchElementException: no such element: Unable to locate element: {"method":"css selector","selector":"button[class='neutral-button ng-star-inserted']"}
  (Session info: chrome=98.0.4758.102)
For documentation on this error, please visit: https://www.seleniumhq.org/exceptions/no_such_element.html
Build info: version: '3.141.59', revision: 'e82be7d358', time: '2018-11-14T08:17:03'
System info: host: 'DESKTOP-7VMBUT4', ip: '192.168.1.171', os.name: 'Windows 10', os.arch: 'amd64', os.version: '10.0', java.version: '11.0.13'
Driver info: org.openqa.selenium.chrome.ChromeDriver
Capabilities {acceptInsecureCerts: false, browserName: chrome, browserVersion: 98.0.4758.102, chrome: {chromedriverVersion: 98.0.4758.80 (7f0488e8ba0d8..., userDataDir: C:\Users\User\AppData\Local...}, goog:chromeOptions: {debuggerAddress: localhost:64047}, javascriptEnabled: true, networkConnectionEnabled: false, pageLoadStrategy: normal, platform: WINDOWS, platformName: WINDOWS, proxy: Proxy(), setWindowRect: true, strictFileInteractability: false, timeouts: {implicit: 0, pageLoad: 300000, script: 30000}, unhandledPromptBehavior: dismiss and notify, webauthn:extension:credBlob: true, webauthn:extension:largeBlob: true, webauthn:virtualAuthenticators: true}
Session ID: ccb8c2d7cd71735fee4e5c8522fdc346
*** Element info: {Using=css selector, value=button[class='neutral-button ng-star-inserted']}
14:36:02 INFO  manager.MyListener - Link of 'your screenshot' with 'error'---> src/test/screenshots/screen2162.png
14:36:03 INFO  tests.TestsBase - Name of test: loginSuccess
14:36:03 INFO  manager.MyListener - Start find 'element' ---> By.cssSelector: [href$='/logout?url=%2Fsearch']
14:36:03 INFO  manager.MyListener - Element with 'locator' ---> By.cssSelector: [href$='/logout?url=%2Fsearch'] was found
14:36:03 INFO  manager.MyListener - Start find 'element' ---> By.cssSelector: [href$='/logout?url=%2Fsearch']
14:36:03 INFO  manager.MyListener - Element with 'locator' ---> By.cssSelector: [href$='/logout?url=%2Fsearch'] was found
14:36:03 INFO  tests.TestsBase - Test starts with email: ["lenastep@gmail.com"] and password: ["12345nnnN"]
14:36:03 INFO  manager.MyListener - Start find 'element' ---> By.xpath: //a[text()=' Log in ']
14:36:03 INFO  manager.MyListener - Element with 'locator' ---> By.xpath: //a[text()=' Log in '] was found
14:36:03 INFO  manager.MyListener - Start find 'element' ---> By.id: email
14:36:03 INFO  manager.MyListener - Element with 'locator' ---> By.id: email was found
14:36:04 INFO  manager.MyListener - Start find 'element' ---> By.id: password
14:36:04 INFO  manager.MyListener - Element with 'locator' ---> By.id: password was found
14:36:04 INFO  manager.MyListener - Start find 'element' ---> By.cssSelector: [type='submit']
14:36:04 INFO  manager.MyListener - Element with 'locator' ---> By.cssSelector: [type='submit'] was found
14:36:04 INFO  manager.MyListener - Start find 'element' ---> By.cssSelector: h2.message
14:36:05 INFO  manager.MyListener - Element with 'locator' ---> By.cssSelector: h2.message was found
14:36:05 INFO  manager.MyListener - Start find 'element' ---> By.xpath: //*[text()='Ok']
14:36:05 INFO  manager.MyListener - Element with 'locator' ---> By.xpath: //*[text()='Ok'] was found
14:36:05 INFO  tests.TestsBase - Name of test: loginSuccessDataProvider
14:36:05 INFO  manager.MyListener - Start find 'element' ---> By.cssSelector: [href$='/logout?url=%2Fsearch']
14:36:05 INFO  manager.MyListener - Element with 'locator' ---> By.cssSelector: [href$='/logout?url=%2Fsearch'] was found
14:36:05 INFO  manager.MyListener - Start find 'element' ---> By.cssSelector: [href$='/logout?url=%2Fsearch']
14:36:05 INFO  manager.MyListener - Element with 'locator' ---> By.cssSelector: [href$='/logout?url=%2Fsearch'] was found
14:36:05 INFO  tests.TestsBase - Test starts with DataProvider ---> email: lenastep@gmail.com & password: 12345nnnN
14:36:05 INFO  manager.MyListener - Start find 'element' ---> By.xpath: //a[text()=' Log in ']
14:36:05 INFO  manager.MyListener - Element with 'locator' ---> By.xpath: //a[text()=' Log in '] was found
14:36:05 INFO  manager.MyListener - Start find 'element' ---> By.id: email
14:36:05 INFO  manager.MyListener - Element with 'locator' ---> By.id: email was found
14:36:06 INFO  manager.MyListener - Start find 'element' ---> By.id: password
14:36:06 INFO  manager.MyListener - Element with 'locator' ---> By.id: password was found
14:36:06 INFO  manager.MyListener - Start find 'element' ---> By.cssSelector: [type='submit']
14:36:06 INFO  manager.MyListener - Element with 'locator' ---> By.cssSelector: [type='submit'] was found
14:36:06 INFO  manager.MyListener - Start find 'element' ---> By.cssSelector: h2.message
14:36:06 INFO  manager.MyListener - Element with 'locator' ---> By.cssSelector: h2.message was found
14:36:07 INFO  manager.MyListener - Start find 'element' ---> By.xpath: //*[text()='Ok']
14:36:07 INFO  manager.MyListener - Element with 'locator' ---> By.xpath: //*[text()='Ok'] was found
14:36:07 INFO  tests.TestsBase - Name of test: loginSuccessDataProvider
14:36:07 INFO  manager.MyListener - Start find 'element' ---> By.cssSelector: [href$='/logout?url=%2Fsearch']
14:36:07 INFO  manager.MyListener - Element with 'locator' ---> By.cssSelector: [href$='/logout?url=%2Fsearch'] was found
14:36:07 INFO  manager.MyListener - Start find 'element' ---> By.cssSelector: [href$='/logout?url=%2Fsearch']
14:36:07 INFO  manager.MyListener - Element with 'locator' ---> By.cssSelector: [href$='/logout?url=%2Fsearch'] was found
14:36:07 INFO  tests.TestsBase - Test starts with DataProvider ---> email: lenastep@gmail.com & password: 12345nnnN
14:36:07 INFO  manager.MyListener - Start find 'element' ---> By.xpath: //a[text()=' Log in ']
14:36:07 INFO  manager.MyListener - Element with 'locator' ---> By.xpath: //a[text()=' Log in '] was found
14:36:07 INFO  manager.MyListener - Start find 'element' ---> By.id: email
14:36:07 INFO  manager.MyListener - Element with 'locator' ---> By.id: email was found
14:36:08 INFO  manager.MyListener - Start find 'element' ---> By.id: password
14:36:08 INFO  manager.MyListener - Element with 'locator' ---> By.id: password was found
14:36:08 INFO  manager.MyListener - Start find 'element' ---> By.cssSelector: [type='submit']
14:36:08 INFO  manager.MyListener - Element with 'locator' ---> By.cssSelector: [type='submit'] was found
14:36:08 INFO  manager.MyListener - Start find 'element' ---> By.cssSelector: h2.message
14:36:08 INFO  manager.MyListener - Element with 'locator' ---> By.cssSelector: h2.message was found
14:36:08 INFO  manager.MyListener - Start find 'element' ---> By.xpath: //*[text()='Ok']
14:36:08 INFO  manager.MyListener - Element with 'locator' ---> By.xpath: //*[text()='Ok'] was found
14:36:08 INFO  tests.TestsBase - Name of test: loginSuccessDataProvider
14:36:08 INFO  manager.MyListener - Start find 'element' ---> By.cssSelector: [href$='/logout?url=%2Fsearch']
14:36:09 INFO  manager.MyListener - Element with 'locator' ---> By.cssSelector: [href$='/logout?url=%2Fsearch'] was found
14:36:09 INFO  manager.MyListener - Start find 'element' ---> By.cssSelector: [href$='/logout?url=%2Fsearch']
14:36:09 INFO  manager.MyListener - Element with 'locator' ---> By.cssSelector: [href$='/logout?url=%2Fsearch'] was found
14:36:09 INFO  tests.TestsBase - Test starts with DataProvider ---> email: lenastep@gmail.com & password: 12345nnnN
14:36:09 INFO  manager.MyListener - Start find 'element' ---> By.xpath: //a[text()=' Log in ']
14:36:09 INFO  manager.MyListener - Element with 'locator' ---> By.xpath: //a[text()=' Log in '] was found
14:36:09 INFO  manager.MyListener - Start find 'element' ---> By.id: email
14:36:09 INFO  manager.MyListener - Element with 'locator' ---> By.id: email was found
14:36:09 INFO  manager.MyListener - Start find 'element' ---> By.id: password
14:36:09 INFO  manager.MyListener - Element with 'locator' ---> By.id: password was found
14:36:10 INFO  manager.MyListener - Start find 'element' ---> By.cssSelector: [type='submit']
14:36:10 INFO  manager.MyListener - Element with 'locator' ---> By.cssSelector: [type='submit'] was found
14:36:10 INFO  manager.MyListener - Start find 'element' ---> By.cssSelector: h2.message
14:36:10 INFO  manager.MyListener - Element with 'locator' ---> By.cssSelector: h2.message was found
14:36:10 INFO  manager.MyListener - Start find 'element' ---> By.xpath: //*[text()='Ok']
14:36:10 INFO  manager.MyListener - Element with 'locator' ---> By.xpath: //*[text()='Ok'] was found
14:36:10 INFO  tests.TestsBase - Name of test: loginSuccessModel
14:36:10 INFO  manager.MyListener - Start find 'element' ---> By.cssSelector: [href$='/logout?url=%2Fsearch']
14:36:11 INFO  manager.MyListener - Element with 'locator' ---> By.cssSelector: [href$='/logout?url=%2Fsearch'] was found
14:36:11 INFO  manager.MyListener - Start find 'element' ---> By.cssSelector: [href$='/logout?url=%2Fsearch']
14:36:11 INFO  manager.MyListener - Element with 'locator' ---> By.cssSelector: [href$='/logout?url=%2Fsearch'] was found
14:36:11 INFO  manager.MyListener - Start find 'element' ---> By.xpath: //a[text()=' Log in ']
14:36:11 INFO  manager.MyListener - Element with 'locator' ---> By.xpath: //a[text()=' Log in '] was found
14:36:11 INFO  manager.MyListener - Start find 'element' ---> By.id: email
14:36:11 INFO  manager.MyListener - Element with 'locator' ---> By.id: email was found
14:36:11 INFO  manager.MyListener - Start find 'element' ---> By.id: password
14:36:11 INFO  manager.MyListener - Element with 'locator' ---> By.id: password was found
14:36:12 INFO  manager.MyListener - Start find 'element' ---> By.cssSelector: [type='submit']
14:36:12 INFO  manager.MyListener - Element with 'locator' ---> By.cssSelector: [type='submit'] was found
14:36:13 INFO  manager.MyListener - Start find 'element' ---> By.cssSelector: h2.message
14:36:13 INFO  manager.MyListener - Element with 'locator' ---> By.cssSelector: h2.message was found
14:36:13 INFO  manager.MyListener - Start find 'element' ---> By.xpath: //*[text()='Ok']
14:36:13 INFO  manager.MyListener - Element with 'locator' ---> By.xpath: //*[text()='Ok'] was found
14:36:13 INFO  tests.TestsBase - Name of test: registrationSuccess
14:36:13 INFO  manager.MyListener - Start find 'element' ---> By.cssSelector: [href$='/logout?url=%2Fsearch']
14:36:13 INFO  manager.MyListener - Element with 'locator' ---> By.cssSelector: [href$='/logout?url=%2Fsearch'] was found
14:36:13 INFO  manager.MyListener - Start find 'element' ---> By.cssSelector: [href$='/logout?url=%2Fsearch']
14:36:13 INFO  manager.MyListener - Element with 'locator' ---> By.cssSelector: [href$='/logout?url=%2Fsearch'] was found
14:36:13 INFO  manager.MyListener - Start find 'element' ---> By.xpath: //*[text()=' Sign up ']
14:36:13 INFO  manager.MyListener - Element with 'locator' ---> By.xpath: //*[text()=' Sign up '] was found
14:36:13 INFO  manager.MyListener - Start find 'element' ---> By.tagName: form
14:36:13 INFO  manager.MyListener - Element with 'locator' ---> By.tagName: form was found
14:36:14 INFO  manager.MyListener - Start find 'element' ---> By.id: name
14:36:14 INFO  manager.MyListener - Element with 'locator' ---> By.id: name was found
14:36:14 INFO  manager.MyListener - Start find 'element' ---> By.id: lastName
14:36:14 INFO  manager.MyListener - Element with 'locator' ---> By.id: lastName was found
14:36:14 INFO  manager.MyListener - Start find 'element' ---> By.id: email
14:36:14 INFO  manager.MyListener - Element with 'locator' ---> By.id: email was found
14:36:14 INFO  manager.MyListener - Start find 'element' ---> By.id: password
14:36:15 INFO  manager.MyListener - Element with 'locator' ---> By.id: password was found
14:36:15 INFO  manager.MyListener - Start find 'element' ---> By.id: terms-of-use
14:36:15 INFO  manager.MyListener - Element with 'locator' ---> By.id: terms-of-use was found
14:36:15 INFO  manager.MyListener - Start find 'element' ---> By.cssSelector: [class='checkbox-container']
14:36:15 INFO  manager.MyListener - Element with 'locator' ---> By.cssSelector: [class='checkbox-container'] was found
14:36:15 INFO  manager.MyListener - Start find 'element' ---> By.cssSelector: [type='submit']
14:36:15 INFO  manager.MyListener - Element with 'locator' ---> By.cssSelector: [type='submit'] was found
14:36:17 INFO  manager.MyListener - Start find 'element' ---> By.cssSelector: h2.message
14:36:17 INFO  manager.MyListener - Element with 'locator' ---> By.cssSelector: h2.message was found
14:36:17 INFO  manager.MyListener - Start find 'element' ---> By.xpath: //*[text()='Ok']
14:36:17 INFO  manager.MyListener - Element with 'locator' ---> By.xpath: //*[text()='Ok'] was found
14:36:17 INFO  tests.TestsBase - Name of test: registrationSuccessModel
14:36:17 INFO  manager.MyListener - Start find 'element' ---> By.cssSelector: [href$='/logout?url=%2Fsearch']
14:36:17 INFO  manager.MyListener - Element with 'locator' ---> By.cssSelector: [href$='/logout?url=%2Fsearch'] was found
14:36:17 INFO  manager.MyListener - Start find 'element' ---> By.cssSelector: [href$='/logout?url=%2Fsearch']
14:36:17 INFO  manager.MyListener - Element with 'locator' ---> By.cssSelector: [href$='/logout?url=%2Fsearch'] was found
14:36:18 INFO  manager.MyListener - Start find 'element' ---> By.xpath: //*[text()=' Sign up ']
14:36:18 INFO  manager.MyListener - Element with 'locator' ---> By.xpath: //*[text()=' Sign up '] was found
14:36:18 INFO  manager.MyListener - Start find 'element' ---> By.tagName: form
14:36:18 INFO  manager.MyListener - Element with 'locator' ---> By.tagName: form was found
14:36:18 INFO  manager.MyListener - Start find 'element' ---> By.id: name
14:36:18 INFO  manager.MyListener - Element with 'locator' ---> By.id: name was found
14:36:18 INFO  manager.MyListener - Start find 'element' ---> By.id: lastName
14:36:18 INFO  manager.MyListener - Element with 'locator' ---> By.id: lastName was found
14:36:18 INFO  manager.MyListener - Start find 'element' ---> By.id: email
14:36:18 INFO  manager.MyListener - Element with 'locator' ---> By.id: email was found
14:36:19 INFO  manager.MyListener - Start find 'element' ---> By.id: password
14:36:19 INFO  manager.MyListener - Element with 'locator' ---> By.id: password was found
14:36:19 INFO  manager.MyListener - Start find 'element' ---> By.id: terms-of-use
14:36:19 INFO  manager.MyListener - Element with 'locator' ---> By.id: terms-of-use was found
14:36:19 INFO  manager.MyListener - Start find 'element' ---> By.cssSelector: [class='checkbox-container']
14:36:19 INFO  manager.MyListener - Element with 'locator' ---> By.cssSelector: [class='checkbox-container'] was found
14:36:19 INFO  manager.MyListener - Start find 'element' ---> By.cssSelector: [type='submit']
14:36:19 INFO  manager.MyListener - Element with 'locator' ---> By.cssSelector: [type='submit'] was found
14:36:19 INFO  manager.MyListener - Start find 'element' ---> By.cssSelector: h2.message
14:36:20 INFO  manager.MyListener - Element with 'locator' ---> By.cssSelector: h2.message was found
14:36:20 INFO  manager.MyListener - Start find 'element' ---> By.xpath: //*[text()='Ok']
14:36:20 INFO  manager.MyListener - Element with 'locator' ---> By.xpath: //*[text()='Ok'] was found
14:36:20 INFO  tests.TestsBase - Name of test: searchPeriodCurrentMonth1
14:36:20 INFO  manager.MyListener - Start find 'element' ---> By.id: city
14:36:20 INFO  manager.MyListener - Element with 'locator' ---> By.id: city was found
14:36:23 INFO  manager.MyListener - Start find 'element' ---> By.cssSelector: .pac-item
14:36:23 INFO  manager.MyListener - Element with 'locator' ---> By.cssSelector: .pac-item was found
14:36:25 INFO  manager.MyListener - Start find 'element' ---> By.id: dates
14:36:25 INFO  manager.MyListener - Element with 'locator' ---> By.id: dates was found
14:36:25 INFO  manager.MyListener - Start find 'element' ---> By.xpath: //div[text()=' 24 ']
14:36:25 INFO  manager.MyListener - Element with 'locator' ---> By.xpath: //div[text()=' 24 '] was found
14:36:25 INFO  manager.MyListener - Start find 'element' ---> By.xpath: //div[text()=' 28 ']
14:36:25 INFO  manager.MyListener - Element with 'locator' ---> By.xpath: //div[text()=' 28 '] was found
14:36:27 INFO  manager.MyListener - Start find 'element' ---> By.cssSelector: [type='submit']
14:36:27 INFO  manager.MyListener - Element with 'locator' ---> By.cssSelector: [type='submit'] was found
14:36:28 INFO  manager.MyListener - Start find 'element' ---> By.cssSelector: .search-results
14:36:28 INFO  manager.MyListener - Element with 'locator' ---> By.cssSelector: .search-results was found
14:36:28 INFO  manager.MyListener - Start find 'element' ---> By.xpath: (//img[@alt='logo'])[1]
14:36:28 INFO  manager.MyListener - Element with 'locator' ---> By.xpath: (//img[@alt='logo'])[1] was found
14:36:29 INFO  tests.TestsBase - Name of test: searchPeriodCurrentMonth2
14:36:29 INFO  manager.MyListener - Start find 'element' ---> By.id: city
14:36:29 INFO  manager.MyListener - Element with 'locator' ---> By.id: city was found
14:36:32 INFO  manager.MyListener - Start find 'element' ---> By.cssSelector: .pac-item
14:36:32 INFO  manager.MyListener - Element with 'locator' ---> By.cssSelector: .pac-item was found
14:36:34 INFO  manager.MyListener - Start find 'element' ---> By.id: dates
14:36:34 INFO  manager.MyListener - Element with 'locator' ---> By.id: dates was found
14:36:34 INFO  manager.MyListener - Start find 'element' ---> By.xpath: //div[text()=' 24 ']
14:36:34 INFO  manager.MyListener - Element with 'locator' ---> By.xpath: //div[text()=' 24 '] was found
14:36:34 INFO  manager.MyListener - Start find 'element' ---> By.xpath: //div[text()=' 27 ']
14:36:34 INFO  manager.MyListener - Element with 'locator' ---> By.xpath: //div[text()=' 27 '] was found
14:36:36 INFO  manager.MyListener - Start find 'element' ---> By.cssSelector: [type='submit']
14:36:37 INFO  manager.MyListener - Element with 'locator' ---> By.cssSelector: [type='submit'] was found
14:36:37 INFO  manager.MyListener - Start find 'element' ---> By.cssSelector: .search-results
14:36:37 INFO  manager.MyListener - Element with 'locator' ---> By.cssSelector: .search-results was found
14:36:37 INFO  manager.MyListener - Start find 'element' ---> By.xpath: (//img[@alt='logo'])[1]
14:36:37 INFO  manager.MyListener - Element with 'locator' ---> By.xpath: (//img[@alt='logo'])[1] was found
14:36:38 INFO  tests.TestsBase - Name of test: searchPeriodInFuture
14:36:38 INFO  manager.MyListener - Start find 'element' ---> By.id: city
14:36:38 INFO  manager.MyListener - Element with 'locator' ---> By.id: city was found
14:36:40 INFO  manager.MyListener - Start find 'element' ---> By.cssSelector: .pac-item
14:36:40 INFO  manager.MyListener - Element with 'locator' ---> By.cssSelector: .pac-item was found
14:36:42 INFO  manager.MyListener - Start find 'element' ---> By.id: dates
14:36:42 INFO  manager.MyListener - Element with 'locator' ---> By.id: dates was found
14:36:42 INFO  manager.MyListener - Start find 'element' ---> By.cssSelector: button[aria-label='Next month']
14:36:42 INFO  manager.MyListener - Element with 'locator' ---> By.cssSelector: button[aria-label='Next month'] was found
14:36:43 INFO  manager.MyListener - Start find 'element' ---> By.cssSelector: button[aria-label='Next month']
14:36:43 INFO  manager.MyListener - Element with 'locator' ---> By.cssSelector: button[aria-label='Next month'] was found
14:36:43 INFO  manager.MyListener - Start find 'element' ---> By.cssSelector: button[aria-label='Next month']
14:36:43 INFO  manager.MyListener - Element with 'locator' ---> By.cssSelector: button[aria-label='Next month'] was found
14:36:43 INFO  manager.MyListener - Start find 'element' ---> By.cssSelector: button[aria-label='Next month']
14:36:43 INFO  manager.MyListener - Element with 'locator' ---> By.cssSelector: button[aria-label='Next month'] was found
14:36:43 INFO  manager.MyListener - Start find 'element' ---> By.cssSelector: button[aria-label='Next month']
14:36:43 INFO  manager.MyListener - Element with 'locator' ---> By.cssSelector: button[aria-label='Next month'] was found
14:36:43 INFO  manager.MyListener - Start find 'element' ---> By.cssSelector: button[aria-label='Next month']
14:36:43 INFO  manager.MyListener - Element with 'locator' ---> By.cssSelector: button[aria-label='Next month'] was found
14:36:43 INFO  manager.MyListener - Start find 'element' ---> By.cssSelector: button[aria-label='Next month']
14:36:43 INFO  manager.MyListener - Element with 'locator' ---> By.cssSelector: button[aria-label='Next month'] was found
14:36:44 INFO  manager.MyListener - Start find 'element' ---> By.cssSelector: button[aria-label='Next month']
14:36:44 INFO  manager.MyListener - Element with 'locator' ---> By.cssSelector: button[aria-label='Next month'] was found
14:36:44 INFO  manager.MyListener - Start find 'element' ---> By.cssSelector: button[aria-label='Next month']
14:36:44 INFO  manager.MyListener - Element with 'locator' ---> By.cssSelector: button[aria-label='Next month'] was found
14:36:44 INFO  manager.MyListener - Start find 'element' ---> By.cssSelector: button[aria-label='Next month']
14:36:44 INFO  manager.MyListener - Element with 'locator' ---> By.cssSelector: button[aria-label='Next month'] was found
14:36:44 INFO  manager.MyListener - Start find 'element' ---> By.cssSelector: button[aria-label='Next month']
14:36:44 INFO  manager.MyListener - Element with 'locator' ---> By.cssSelector: button[aria-label='Next month'] was found
14:36:44 INFO  manager.MyListener - Start find 'element' ---> By.xpath: //div[text()=' 10 ']
14:36:44 INFO  manager.MyListener - Element with 'locator' ---> By.xpath: //div[text()=' 10 '] was found
14:36:44 INFO  manager.MyListener - Start find 'element' ---> By.xpath: //div[text()=' 31 ']
14:36:44 INFO  manager.MyListener - Element with 'locator' ---> By.xpath: //div[text()=' 31 '] was found
14:36:45 INFO  manager.MyListener - Start find 'element' ---> By.cssSelector: [type='submit']
14:36:45 INFO  manager.MyListener - Element with 'locator' ---> By.cssSelector: [type='submit'] was found
14:36:45 INFO  manager.MyListener - Start find 'element' ---> By.cssSelector: .search-results
14:36:45 INFO  manager.MyListener - Element with 'locator' ---> By.cssSelector: .search-results was found
14:36:45 INFO  manager.MyListener - Start find 'element' ---> By.xpath: (//img[@alt='logo'])[1]
14:36:45 INFO  manager.MyListener - Element with 'locator' ---> By.xpath: (//img[@alt='logo'])[1] was found
14:36:46 INFO  tests.TestsBase - Name of test: typePeriodInPast
14:36:46 INFO  manager.MyListener - Start find 'element' ---> By.id: city
14:36:46 INFO  manager.MyListener - Element with 'locator' ---> By.id: city was found
14:36:48 INFO  manager.MyListener - Start find 'element' ---> By.cssSelector: .pac-item
14:36:48 INFO  manager.MyListener - Element with 'locator' ---> By.cssSelector: .pac-item was found
14:36:50 INFO  manager.MyListener - Start find 'element' ---> By.id: dates
14:36:50 INFO  manager.MyListener - Element with 'locator' ---> By.id: dates was found
14:36:51 INFO  manager.MyListener - Start find 'element' ---> By.cssSelector: .cdk-overlay-container
14:36:51 INFO  manager.MyListener - Element with 'locator' ---> By.cssSelector: .cdk-overlay-container was found
14:36:58 INFO  manager.MyListener - Start find 'element' ---> By.cssSelector: [type='submit']
14:36:58 INFO  manager.MyListener - Element with 'locator' ---> By.cssSelector: [type='submit'] was found
14:36:58 INFO  manager.MyListener - Start find 'element' ---> By.xpath: (//img[@alt='logo'])[1]
14:36:58 INFO  manager.MyListener - Element with 'locator' ---> By.xpath: (//img[@alt='logo'])[1] was found
